[2026-03-26T04:43:51.926Z] [debug] [vite] connecting...
[2026-03-26T04:43:51.944Z] [debug] [vite] connected.
[2026-03-26T04:43:54.022Z] [debug] [vite] connecting...
[2026-03-26T04:43:54.033Z] [debug] [vite] connected.
[2026-03-26T04:43:54.565Z] [info] %cDownload the React DevTools for a better development experience: https://react.dev/link/react-devtools font-weight:bold
[2026-03-26T04:43:54.717Z] [warning] %s

%s
 An error occurred in the <Titlebar> component. Consider adding an error boundary to your tree to customize error handling behavior.
Visit https://react.dev/link/error-boundaries to learn more about error boundaries.
[2026-03-26T04:44:07.640Z] [debug] [vite] hot updated: /src/styles/globals.css
[2026-03-26T04:44:07.640Z] [debug] [vite] hot updated: /src/components/layout/Titlebar.tsx
[2026-03-26T04:44:07.661Z] [warning] %s

%s
 An error occurred in the <Titlebar> component. Consider adding an error boundary to your tree to customize error handling behavior.
Visit https://react.dev/link/error-boundaries to learn more about error boundaries.
[2026-03-26T04:44:19.988Z] [debug] [vite] hot updated: /src/styles/globals.css
[2026-03-26T04:44:19.989Z] [debug] [vite] hot updated: /src/components/layout/Titlebar.tsx
[2026-03-26T04:44:41.531Z] [debug] [vite] hot updated: /src/styles/globals.css
[2026-03-26T04:44:41.531Z] [debug] [vite] hot updated: /src/components/layout/Titlebar.tsx
[2026-03-26T04:44:49.213Z] [debug] [vite] hot updated: /src/styles/globals.css
[2026-03-26T04:44:49.213Z] [debug] [vite] hot updated: /src/components/layout/Titlebar.tsx
[2026-03-26T04:45:06.771Z] [debug] [vite] connecting...
[2026-03-26T04:45:06.842Z] [debug] [vite] connected.
[2026-03-26T04:45:07.069Z] [info] %cDownload the React DevTools for a better development experience: https://react.dev/link/react-devtools font-weight:bold
[2026-03-26T04:45:43.471Z] [error] WebSocket connection to 'ws://localhost:1420/?token=dMfnWmnTmJTO' failed: 
[2026-03-26T04:45:43.471Z] [log] [vite] server connection lost. Polling for restart...
[2026-03-26T04:54:12.991Z] [debug] [vite] connecting...
[2026-03-26T04:54:13.044Z] [debug] [vite] connected.
[2026-03-26T04:54:13.295Z] [info] %cDownload the React DevTools for a better development experience: https://react.dev/link/react-devtools font-weight:bold
[2026-03-26T04:55:33.841Z] [log] [vite] server connection lost. Polling for restart...
